[    0.000000] Initializing cgroup subsys cpuset
[    0.000000] Initializing cgroup subsys cpu
[    0.000000] Initializing cgroup subsys cpuacct
[    0.000000] Linux version 4.4.0-97-generic (buildd@lcy01-33) (gcc version 5.4.0 20160609 (Ubuntu 5.4.0-6ubuntu1~16.04.4) ) #120-Ubuntu SMP Tue Sep 19 17:28:18 UTC 2017 (Ubuntu 4.4.0-97.120-generic 4.4.87)
[    0.000000] Command line: BOOT_IMAGE=/boot/vmlinuz-4.4.0-97-generic root=LABEL=cloudimg-rootfs ro console=tty1 console=ttyS0
[    0.000000] KERNEL supported cpus:
[    0.000000]   Intel GenuineIntel
[    0.000000]   AMD AuthenticAMD
[    0.000000]   Centaur CentaurHauls
[    0.000000] x86/fpu: xstate_offset[2]:  576, xstate_sizes[2]:  256
[    0.000000] x86/fpu: Supporting XSAVE feature 0x01: 'x87 floating point registers'
[    0.000000] x86/fpu: Supporting XSAVE feature 0x02: 'SSE registers'
[    0.000000] x86/fpu: Supporting XSAVE feature 0x04: 'AVX registers'
[    0.000000] x86/fpu: Enabled xstate features 0x7, context size is 832 bytes, using 'standard' format.
[    0.000000] x86/fpu: Using 'lazy' FPU context switches.
[    0.000000] e820: BIOS-provided physical RAM map:
[    0.000000] BIOS-e820: [mem 0x0000000000000000-0x000000000009fbff] usable
[    0.000000] BIOS-e820: [mem 0x000000000009fc00-0x000000000009ffff] reserved
[    0.000000] BIOS-e820: [mem 0x00000000000f0000-0x00000000000fffff] reserved
[    0.000000] BIOS-e820: [mem 0x0000000000100000-0x000000001ffeffff] usable
[    0.000000] BIOS-e820: [mem 0x000000001fff0000-0x000000001fffffff] ACPI data
[    0.000000] BIOS-e820: [mem 0x00000000fec00000-0x00000000fec00fff] reserved
[    0.000000] BIOS-e820: [mem 0x00000000fee00000-0x00000000fee00fff] reserved
[    0.000000] BIOS-e820: [mem 0x00000000fffc0000-0x00000000ffffffff] reserved
[    0.000000] NX (Execute Disable) protection: active
[    0.000000] SMBIOS 2.5 present.
[    0.000000] Hypervisor detected: KVM
[    0.000000] e820: last_pfn = 0x1fff0 max_arch_pfn = 0x400000000
[    0.000000] MTRR: Disabled
[    0.000000] x86/PAT: MTRRs disabled, skipping PAT initialization too.
[    0.000000] CPU MTRRs all blank - virtualized system.
[    0.000000] x86/PAT: Configuration [0-7]: WB  WT  UC- UC  WB  WT  UC- UC  
[    0.000000] found SMP MP-table at [mem 0x0009fff0-0x0009ffff] mapped at [ffff88000009fff0]
[    0.000000] Scanning 1 areas for low memory corruption
[    0.000000] RAMDISK: [mem 0x1ed71000-0x1f7fafff]
[    0.000000] ACPI: Early table checksum verification disabled
[    0.000000] ACPI: RSDP 0x00000000000E0000 000024 (v02 VBOX  )
[    0.000000] ACPI: XSDT 0x000000001FFF0030 00003C (v01 VBOX   VBOXXSDT 00000001 ASL  00000061)
[    0.000000] ACPI: FACP 0x000000001FFF00F0 0000F4 (v04 VBOX   VBOXFACP 00000001 ASL  00000061)
[    0.000000] ACPI: DSDT 0x000000001FFF0470 0021FF (v02 VBOX   VBOXBIOS 00000002 INTL 20170303)
[    0.000000] ACPI: FACS 0x000000001FFF0200 000040
[    0.000000] ACPI: FACS 0x000000001FFF0200 000040
[    0.000000] ACPI: APIC 0x000000001FFF0240 00005C (v02 VBOX   VBOXAPIC 00000001 ASL  00000061)
[    0.000000] ACPI: SSDT 0x000000001FFF02A0 0001CC (v01 VBOX   VBOXCPUT 00000002 INTL 20170303)
[    0.000000] No NUMA configuration found
[    0.000000] Faking a node at [mem 0x0000000000000000-0x000000001ffeffff]
[    0.000000] NODE_DATA(0) allocated [mem 0x1ffeb000-0x1ffeffff]
[    0.000000] kvm-clock: Using msrs 4b564d01 and 4b564d00
[    0.000000] kvm-clock: cpu 0, msr 0:1ffe3001, primary cpu clock
[    0.000000] kvm-clock: using sched offset of 4095634109 cycles
[    0.000000] clocksource: kvm-clock: mask: 0xffffffffffffffff max_cycles: 0x1cd42e4dffb, max_idle_ns: 881590591483 ns
[    0.000000] Zone ranges:
[    0.000000]   DMA      [mem 0x0000000000001000-0x0000000000ffffff]
[    0.000000]   DMA32    [mem 0x0000000001000000-0x000000001ffeffff]
[    0.000000]   Normal   empty
[    0.000000]   Device   empty
[    0.000000] Movable zone start for each node
[    0.000000] Early memory node ranges
[    0.000000]   node   0: [mem 0x0000000000001000-0x000000000009efff]
[    0.000000]   node   0: [mem 0x0000000000100000-0x000000001ffeffff]
[    0.000000] Initmem setup node 0 [mem 0x0000000000001000-0x000000001ffeffff]
[    0.000000] ACPI: PM-Timer IO Port: 0x4008
[    0.000000] IOAPIC[0]: apic_id 2, version 32, address 0xfec00000, GSI 0-23
[    0.000000] ACPI: INT_SRC_OVR (bus 0 bus_irq 0 global_irq 2 dfl dfl)
[    0.000000] ACPI: INT_SRC_OVR (bus 0 bus_irq 9 global_irq 9 high level)
[    0.000000] Using ACPI (MADT) for SMP configuration information
[    0.000000] smpboot: Allowing 2 CPUs, 0 hotplug CPUs
[    0.000000] PM: Registered nosave memory: [mem 0x00000000-0x00000fff]
[    0.000000] PM: Registered nosave memory: [mem 0x0009f000-0x0009ffff]
[    0.000000] PM: Registered nosave memory: [mem 0x000a0000-0x000effff]
[    0.000000] PM: Registered nosave memory: [mem 0x000f0000-0x000fffff]
[    0.000000] e820: [mem 0x20000000-0xfebfffff] available for PCI devices
[    0.000000] Booting paravirtualized kernel on KVM
[    0.000000] clocksource: refined-jiffies: mask: 0xffffffff max_cycles: 0xffffffff, max_idle_ns: 7645519600211568 ns
[    0.000000] setup_percpu: NR_CPUS:512 nr_cpumask_bits:512 nr_cpu_ids:2 nr_node_ids:1
[    0.000000] PERCPU: Embedded 34 pages/cpu @ffff88001fc00000 s98328 r8192 d32744 u1048576
[    0.000000] PV qspinlock hash table entries: 256 (order: 0, 4096 bytes)
[    0.000000] Built 1 zonelists in Node order, mobility grouping on.  Total pages: 128889
[    0.000000] Policy zone: DMA32
[    0.000000] Kernel command line: BOOT_IMAGE=/boot/vmlinuz-4.4.0-97-generic root=LABEL=cloudimg-rootfs ro console=tty1 console=ttyS0
[    0.000000] PID hash table entries: 2048 (order: 2, 16384 bytes)
[    0.000000] Memory: 485692K/523832K available (8480K kernel code, 1294K rwdata, 3984K rodata, 1492K init, 1316K bss, 38140K reserved, 0K cma-reserved)
[    0.000000] SLUB: HWalign=64, Order=0-3, MinObjects=0, CPUs=2, Nodes=1
[    0.000000] Hierarchical RCU implementation.
[    0.000000] 	Build-time adjustment of leaf fanout to 64.
[    0.000000] 	RCU restricting CPUs from NR_CPUS=512 to nr_cpu_ids=2.
[    0.000000] RCU: Adjusting geometry for rcu_fanout_leaf=64, nr_cpu_ids=2
[    0.000000] NR_IRQS:33024 nr_irqs:440 16
[    0.000000] Console: colour VGA+ 80x25
[    0.000000] console [tty1] enabled
[    0.000000] console [ttyS0] enabled
[    0.000000] tsc: Detected 2494.332 MHz processor
[    0.972441] Calibrating delay loop (skipped) preset value.. 4988.66 BogoMIPS (lpj=9977328)
[    0.974450] pid_max: default: 32768 minimum: 301
[    0.975498] ACPI: Core revision 20150930
[    0.977449] ACPI: 2 ACPI AML tables successfully acquired and loaded
[    0.988151] Security Framework initialized
[    0.989188] Yama: becoming mindful.
[    0.990079] AppArmor: AppArmor initialized
[    0.993547] Dentry cache hash table entries: 65536 (order: 7, 524288 bytes)
[    0.997911] Inode-cache hash table entries: 32768 (order: 6, 262144 bytes)
[    1.002429] Mount-cache hash table entries: 1024 (order: 1, 8192 bytes)
[    1.003822] Mountpoint-cache hash table entries: 1024 (order: 1, 8192 bytes)
[    1.005524] Initializing cgroup subsys io
[    1.007608] Initializing cgroup subsys memory
[    1.008622] Initializing cgroup subsys devices
[    1.009754] Initializing cgroup subsys freezer
[    1.042010] Initializing cgroup subsys net_cls
[    1.047534] Initializing cgroup subsys perf_event
[    1.077245] Initializing cgroup subsys net_prio
[    1.089180] Initializing cgroup subsys hugetlb
[    1.093000] Initializing cgroup subsys pids
[    1.103340] CPU: Physical Processor ID: 0
[    1.108657] CPU: Processor Core ID: 0
[    1.128574] mce: CPU supports 0 MCE banks
[    1.132730] Last level iTLB entries: 4KB 512, 2MB 8, 4MB 8
[    1.137622] Last level dTLB entries: 4KB 512, 2MB 32, 4MB 32, 1GB 0
[    1.151921] Freeing SMP alternatives memory: 32K
[    1.168111] ftrace: allocating 32148 entries in 126 pages
[    1.239625] smpboot: APIC(0) Converting physical 0 to logical package 0
[    1.251747] smpboot: Max logical packages: 1
[    1.267507] x2apic enabled
[    1.278427] Switched APIC routing to physical x2apic.
[    1.287833] ..TIMER: vector=0x30 apic1=0 pin1=2 apic2=-1 pin2=-1
[    1.401021] smpboot: CPU0: Intel(R) Core(TM) i5-3210M CPU @ 2.50GHz (family: 0x6, model: 0x3a, stepping: 0x9)
[    1.443721] Performance Events: unsupported p6 CPU model 58 no PMU driver, software events only.
[    1.464377] KVM setup paravirtual spinlock
[    1.467674] x86: Booting SMP configuration:
[    1.474076] .... node  #0, CPUs:      #1
[    1.475161] kvm-clock: cpu 1, msr 0:1ffe3041, secondary cpu clock
[    1.478228] mce: CPU supports 0 MCE banks
[    1.482067] x86: Booted up 1 node, 2 CPUs
[    1.486440] smpboot: Total of 2 processors activated (9977.32 BogoMIPS)
[    1.502522] devtmpfs: initialized
[    1.506697] evm: security.selinux
[    1.510191] evm: security.SMACK64
[    1.511194] evm: security.SMACK64EXEC
[    1.527352] evm: security.SMACK64TRANSMUTE
[    1.542082] evm: security.SMACK64MMAP
[    1.559815] evm: security.ima
[    1.567823] evm: security.capability
[    1.572752] clocksource: jiffies: mask: 0xffffffff max_cycles: 0xffffffff, max_idle_ns: 7645041785100000 ns
[    1.591959] futex hash table entries: 512 (order: 3, 32768 bytes)
[    1.598875] pinctrl core: initialized pinctrl subsystem
[    1.608902] RTC time: 22:11:48, date: 10/15/17
[    1.626487] NET: Registered protocol family 16
[    1.645471] cpuidle: using governor ladder
[    1.657582] cpuidle: using governor menu
[    1.664824] PCCT header not found.
[    1.666848] ACPI: bus type PCI registered
[    1.671611] acpiphp: ACPI Hot Plug PCI Controller Driver version: 0.5
[    1.675222] PCI: Using configuration type 1 for base access
[    1.698345] ACPI: Added _OSI(Module Device)
[    1.700783] ACPI: Added _OSI(Processor Device)
[    1.702090] ACPI: Added _OSI(3.0 _SCP Extensions)
[    1.703388] ACPI: Added _OSI(Processor Aggregator Device)
[    1.705861] ACPI: Executed 1 blocks of module-level executable AML code
[    1.766551] ACPI: Interpreter enabled
[    1.775336] ACPI: (supports S0 S5)
[    1.811585] ACPI: Using IOAPIC for interrupt routing
[    1.812643] PCI: Using host bridge windows from ACPI; if necessary, use "pci=nocrs" and report a bug
[    1.818918] ACPI: PCI Root Bridge [PCI0] (domain 0000 [bus 00-ff])
[    1.834790] acpi PNP0A03:00: _OSC: OS supports [ASPM ClockPM Segments MSI]
[    1.836327] acpi PNP0A03:00: _OSC: not requesting OS control; OS requires [ExtendedConfig ASPM ClockPM MSI]
[    1.838664] acpi PNP0A03:00: fail to add MMCONFIG information, can't access extended PCI configuration space under this bridge.
[    1.848993] PCI host bridge to bus 0000:00
[    1.851156] pci_bus 0000:00: root bus resource [io  0x0000-0x0cf7 window]
[    1.852903] pci_bus 0000:00: root bus resource [io  0x0d00-0xffff window]
[    1.866309] pci_bus 0000:00: root bus resource [mem 0x000a0000-0x000bffff window]
[    1.881809] pci_bus 0000:00: root bus resource [mem 0x20000000-0xffdfffff window]
[    1.901910] pci_bus 0000:00: root bus resource [bus 00-ff]
[    1.906011] pci 0000:00:01.1: legacy IDE quirk: reg 0x10: [io  0x01f0-0x01f7]
[    1.910052] pci 0000:00:01.1: legacy IDE quirk: reg 0x14: [io  0x03f6]
[    1.917656] pci 0000:00:01.1: legacy IDE quirk: reg 0x18: [io  0x0170-0x0177]
[    1.924457] pci 0000:00:01.1: legacy IDE quirk: reg 0x1c: [io  0x0376]
[    1.942326] pci 0000:00:07.0: quirk: [io  0x4000-0x403f] claimed by PIIX4 ACPI
[    1.951745] pci 0000:00:07.0: quirk: [io  0x4100-0x410f] claimed by PIIX4 SMB
[    1.973708] ACPI: PCI Interrupt Link [LNKA] (IRQs 5 9 10 *11)
[    1.994693] ACPI: PCI Interrupt Link [LNKB] (IRQs 5 9 10 *11)
[    2.001937] ACPI: PCI Interrupt Link [LNKC] (IRQs 5 9 *10 11)
[    2.020878] ACPI: PCI Interrupt Link [LNKD] (IRQs 5 *9 10 11)
[    2.032583] ACPI: Enabled 2 GPEs in block 00 to 07
[    2.035930] vgaarb: setting as boot device: PCI:0000:00:02.0
[    2.038390] vgaarb: device added: PCI:0000:00:02.0,decodes=io+mem,owns=io+mem,locks=none
[    2.071705] vgaarb: loaded
[    2.090148] vgaarb: bridge control possible 0000:00:02.0
[    2.098474] SCSI subsystem initialized
[    2.126142] ACPI: bus type USB registered
[    2.172105] usbcore: registered new interface driver usbfs
[    2.232172] usbcore: registered new interface driver hub
[    2.233127] usbcore: registered new device driver usb
[    2.283323] PCI: Using ACPI for IRQ routing
[    2.285104] NetLabel: Initializing
[    2.296879] NetLabel:  domain hash size = 128
[    2.312603] NetLabel:  protocols = UNLABELED CIPSOv4
[    2.317602] NetLabel:  unlabeled traffic allowed by default
[    2.323013] amd_nb: Cannot enumerate AMD northbridges
[    2.328437] clocksource: Switched to clocksource kvm-clock
[    2.385958] AppArmor: AppArmor Filesystem Enabled
[    2.443209] pnp: PnP ACPI init
[    2.484638] pnp: PnP ACPI: found 3 devices
[    2.519844] clocksource: acpi_pm: mask: 0xffffff max_cycles: 0xffffff, max_idle_ns: 2085701024 ns
[    2.524101] NET: Registered protocol family 2
[    2.529302] TCP established hash table entries: 4096 (order: 3, 32768 bytes)
[    2.533944] TCP bind hash table entries: 4096 (order: 4, 65536 bytes)
[    2.535263] TCP: Hash tables configured (established 4096 bind 4096)
[    2.536820] UDP hash table entries: 256 (order: 1, 8192 bytes)
[    2.543519] UDP-Lite hash table entries: 256 (order: 1, 8192 bytes)
[    2.549864] NET: Registered protocol family 1
[    2.554350] pci 0000:00:00.0: Limiting direct PCI/PCI transfers
[    2.590123] pci 0000:00:01.0: Activating ISA DMA hang workarounds
[    2.684839] Unpacking initramfs...
[    4.735245] Freeing initrd memory: 10792K
[    4.755582] RAPL PMU detected, API unit is 2^-32 Joules, 3 fixed counters 10737418240 ms ovfl timer
[    4.758649] hw unit of domain pp0-core 2^-0 Joules
[    4.760896] hw unit of domain package 2^-0 Joules
[    4.762430] hw unit of domain pp1-gpu 2^-0 Joules
[    4.763524] platform rtc_cmos: registered platform RTC device (no PNP device found)
[    4.771446] Scanning for low memory corruption every 60 seconds
[    4.774435] audit: initializing netlink subsys (disabled)
[    4.777665] audit: type=2000 audit(1508105516.123:1): initialized
[    4.780796] Initialise system trusted keyring
[    4.785564] HugeTLB registered 2 MB page size, pre-allocated 0 pages
[    4.794276] zbud: loaded
[    4.796387] VFS: Disk quotas dquot_6.6.0
[    4.798471] VFS: Dquot-cache hash table entries: 512 (order 0, 4096 bytes)
[    4.811182] squashfs: version 4.0 (2009/01/31) Phillip Lougher
[    4.812837] fuse init (API version 7.23)
[    4.815559] Key type big_key registered
[    4.820512] Allocating IMA MOK and blacklist keyrings.
[    4.827187] Key type asymmetric registered
[    4.834569] Asymmetric key parser 'x509' registered
[    4.861829] Block layer SCSI generic (bsg) driver version 0.4 loaded (major 249)
[    4.910028] io scheduler noop registered
[    4.919010] io scheduler deadline registered (default)
[    4.959290] io scheduler cfq registered
[    4.973058] pci_hotplug: PCI Hot Plug PCI Core version: 0.5
[    4.983706] pciehp: PCI Express Hot Plug Controller Driver version: 0.4
[    5.026605] ACPI: AC Adapter [AC] (off-line)
[    5.038495] input: Power Button as /devices/LNXSYSTM:00/LNXPWRBN:00/input/input0
[    5.092074] ACPI: Power Button [PWRF]
[    5.093104] input: Sleep Button as /devices/LNXSYSTM:00/LNXSLPBN:00/input/input1
[    5.096025] ACPI: Sleep Button [SLPF]
[    5.098553] GHES: HEST is not enabled!
[    5.099520] ACPI: Battery Slot [BAT0] (battery present)
[    5.125443] Serial: 8250/16550 driver, 32 ports, IRQ sharing enabled
[    5.152117] 00:02: ttyS0 at I/O 0x3f8 (irq = 4, base_baud = 115200) is a 16550A
[    5.157176] Linux agpgart interface v0.103
[    5.162483] loop: module loaded
[    5.165870] scsi host0: ata_piix
[    5.169564] scsi host1: ata_piix
[    5.173303] ata1: PATA max UDMA/33 cmd 0x1f0 ctl 0x3f6 bmdma 0xd000 irq 14
[    5.174814] ata2: PATA max UDMA/33 cmd 0x170 ctl 0x376 bmdma 0xd008 irq 15
[    5.180310] libphy: Fixed MDIO Bus: probed
[    5.181338] tun: Universal TUN/TAP device driver, 1.6
[    5.183669] tun: (C) 1999-2004 Max Krasnyansky <maxk@qualcomm.com>
[    5.195093] PPP generic driver version 2.4.2
[    5.196166] ehci_hcd: USB 2.0 'Enhanced' Host Controller (EHCI) Driver
[    5.197591] ehci-pci: EHCI PCI platform driver
[    5.199758] ehci-platform: EHCI generic platform driver
[    5.202020] ohci_hcd: USB 1.1 'Open' Host Controller (OHCI) Driver
[    5.203325] ohci-pci: OHCI PCI platform driver
[    5.205797] ohci-platform: OHCI generic platform driver
[    5.211124] uhci_hcd: USB Universal Host Controller Interface driver
[    5.214093] i8042: PNP: PS/2 Controller [PNP0303:PS2K,PNP0f03:PS2M] at 0x60,0x64 irq 1,12
[    5.217223] serio: i8042 KBD port at 0x60,0x64 irq 1
[    5.231495] serio: i8042 AUX port at 0x60,0x64 irq 12
[    5.239850] mousedev: PS/2 mouse device common for all mice
[    5.242485] input: AT Translated Set 2 keyboard as /devices/platform/i8042/serio0/input/input2
[    5.246957] rtc_cmos rtc_cmos: rtc core: registered rtc_cmos as rtc0
[    5.256251] rtc_cmos rtc_cmos: alarms up to one day, 114 bytes nvram
[    5.257711] i2c /dev entries driver
[    5.258641] device-mapper: uevent: vrrsion 1.0.3
[    5.332234] device-mapper: ioctl: 4.34.0-ioctl (2015-10-28) initialised: dm-devel@redhat.com
[    5.602951] ledtrig-cpu: registered to indicate activity on CPUs
[    5.606793] NET: Registered protocol family 10
[    5.717417] NET: Registered protocol family 17
[    5.729602] Key type dns_resolver registered
[    5.733721] microcode: CPU0 sig=0x306a9, pf=0x2, revision=0x19
[    5.786693] microcode: CPU1 sig=0x306a9, pf=0x2, revision=0x19
[    5.786705] tsc: Refined TSC clocksource calibration: 2493.524 MHz
[    5.786707] clocksource: tsc: mask: 0xffffffffffffffff max_cycles: 0x23f1545fe68, max_idle_ns: 440795288337 ns
[    5.896052] microcode: Microcode Update Driver: v2.01 <tigran@aivazian.fsnet.co.uk>, Peter Oruba
[    5.899948] registered taskstats version 1
[    5.902735] Loading compiled-in X.509 certificates
[    5.907040] Loaded X.509 cert 'Build time autogenerated kernel key: d1010f9627fd9242df4b03365d2931dfd1ad3d42'
[    5.917877] zswap: loaded using pool lzo/zbud
[    5.929667] Key type trusted registered
[    5.944503] Key type encrypted registered
[    6.017222] AppArmor: AppArmor sha1 policy hashing enabled
[    6.018857] ima: No TPM chip found, activating TPM-bypass!
[    6.020581] evm: HMAC attrs: 0x1
[    6.022094]   Magic number: 5:104:199
[    6.028524] rtc_cmos rtc_cmos: setting system clock to 2017-10-15 22:11:53 UTC (1508105513)
[    6.031739] BIOS EDD facility v0.16 2004-Jun-25, 0 devices found
[    6.057854] EDD information not available.
[    6.063448] Freeing unused kernel memory: 1492K
[    6.100567] Write protecting the kernel read-only data: 14336k
[    6.117941] Freeing unused kernel memory: 1748K
[    6.145247] Freeing unused kernel memory: 112K
Loading, please wait...
starting version[    6.208467] random: systemd-udevd: uninitialized urandom read (16 bytes read, 2 bits of entropy available)
 229
[    6.208939] random: udevadm: uninitialized urandom read (16 bytes read, 2 bits of entropy available)
[    6.208983] random: udevadm: uninitialized urandom read (16 bytes read, 2 bits of entropy available)
[    6.209118] random: udevadm: uninitialized urandom read (16 bytes read, 2 bits of entropy available)
[    6.209171] random: udevadm: uninitialized urandom read (16 bytes read, 2 bits of entropy available)
[    6.209223] random: udevadm: uninitialized urandom read (16 bytes read, 2 bits of entropy available)
[    6.209273] random: udevadm: uninitialized urandom read (16 bytes read, 2 bits of entropy available)
[    6.209323] random: udevadm: uninitialized urandom read (16 bytes read, 2 bits of entropy available)
[    6.209373] random: udevadm: uninitialized urandom read (16 bytes read, 2 bits of entropy available)
[    6.209420] random: udevadm: uninitialized urandom read (16 bytes read, 2 bits of entropy available)
[    6.471805] e1000: Intel(R) PRO/1000 Network Driver - version 7.3.21-k8-NAPI
[    6.480868] e1000: Copyright (c) 1999-2006 Intel Corporation.
[    6.510644] Fusion MPT base driver 3.04.20
[    6.533751] Copyright (c) 1999-2008 LSI Corporation
[    6.546446] Fusion MPT SPI Host driver 3.04.20
[    6.709886] input: ImExPS/2 Generic Explorer Mouse as /devices/platform/i8042/serio1/input/input4
[    6.887068] e1000 0000:00:03.0 eth0: (PCI:33MHz:32-bit) 02:14:68:3e:84:47
[    6.903307] e1000 0000:00:03.0 eth0: Intel(R) PRO/1000 Network Connection
[    7.423259] e1000 0000:00:08.0 eth1: (PCI:33MHz:32-bit) 08:00:27:4a:a8:7a
[    7.600970] e1000 0000:00:08.0 eth1: Intel(R) PRO/1000 Network Connection
[    7.630760] e1000 0000:00:08.0 enp0s8: renamed from eth1
[    7.648349] mptbase: ioc0: Initiating bringup
[    7.704852] e1000 0000:00:03.0 enp0s3: renamed from eth0
[    7.796934] ioc0: LSI53C1030 A0: Capabilities={Initiator}
[    8.018196] scsi host2: ioc0: LSI53C1030 A0, FwRev=00000000h, Ports=1, MaxQ=256, IRQ=20
[    8.137027] scsi 2:0:0:0: Direct-Access     VBOX     HARDDISK         1.0  PQ: 0 ANSI: 5
[    8.144406] scsi target2:0:0: Beginning Domain Validation
[    8.150271] scsi target2:0:0: Domain Validation skipping write tests
[    8.167425] scsi target2:0:0: Ending Domain Validation
[    8.168597] scsi target2:0:0: asynchronous
[    8.180836] scsi 2:0:1:0: Direct-Access     VBOX     HARDDISK         1.0  PQ: 0 ANSI: 5
[    8.268515] scsi target2:0:1: Beginning Domain Validation
[    8.279689] scsi target2:0:1: Domain Validation skipping write tests
[    8.343151] scsi target2:0:1: Ending Domain Validation
[    8.345442] scsi target2:0:1: asynchronous
[    8.390625] sd 2:0:0:0: Attached scsi generic sg0 type 0
[    8.401800] sd 2:0:0:0: [sda] 20971520 512-byte logical blocks: (10.7 GB/10.0 GiB)
[    8.402059] sd 2:0:1:0: Attached scsi generic sg1 type 0
[    8.402251] sd 2:0:1:0: [sdb] 20480 512-byte logical blocks: (10.5 MB/10.0 MiB)
[    8.402448] sd 2:0:1:0: [sdb] Write Protect is off
[    8.402555] sd 2:0:1:0: [sdb] Incomplete mode parameter data
[    8.402557] sd 2:0:1:0: [sdb] Assuming drive cache: write through
[    8.441244] sd 2:0:1:0: [sdb] Attached SCSI disk
[    8.687150] sd 2:0:0:0: [sda] Write Protect is off
[    8.706861] sd 2:0:0:0: [sda] Incomplete mode parameter data
[    8.721177] sd 2:0:0:0: [sda] Assuming drive cache: write through
[    8.739069]  sda: sda1
[    8.749883] sd 2:0:0:0: [sda] Attached SCSI disk
[    9.512610] floppy0: no floppy controllers found
Begin: Loading e[   10.896016] md: linear personality registered for level -1
ssential drivers ... [   10.989068] md: multipath personality registered for level -4
[   11.000880] md: raid0 personality registered for level 0
[   11.029215] md: raid1 personality registered for level 1
[   11.108512] raid6: sse2x1   gen()  6517 MB/s
[   11.184470] raid6: sse2x1   xor()  5925 MB/s
[   11.256462] raid6: sse2x2   gen()  9565 MB/s
[   11.328484] raid6: sse2x2   xor()  6613 MB/s
[   11.404524] raid6: sse2x4   gen() 10157 MB/s
[   11.480528] raid6: sse2x4   xor()  6738 MB/s
[   11.490469] raid6: using algorithm sse2x4 gen() 10157 MB/s
[   11.494116] raid6: .... xor() 6738 MB/s, rmw enabled
[   11.500655] raid6: using ssse3x2 recovery algorithm
[   11.507049] xor: automatically using best checksumming function:
[   11.580447]    avx       : 16481.000 MB/sec
[   11.595839] async_tx: api initialized (async)
[   11.624756] md: raid6 personality registered for level 6
[   11.650556] md: raid5 personality registered for level 5
[   11.688783] md: raid4 personality registered for level 4
[   11.778163] md: raid10 personality registered for level 10
done.
Begin: Running /scripts/init-premount ... done.
Begin: Mounting root file system ... Begin: Running /scripts/local-top ... done.
Begin: Running /scripts/local-premount ... [   11.865035] Btrfs loaded
Scanning for Btrfs filesystems
done.
Warning: fsck not present, so skipping root file system
[   12.012234] EXT4-fs (sda1): mounted filesystem with ordered data mode. Opts: (null)
done.
Begin: Running /scripts/local-bottom ... done.
Begin: Running /scripts/init-bottom ... done.
[   12.768326] systemd[1]: systemd 229 running in system mode. (+PAM +AUDIT +SELINUX +IMA +APPARMOR +SMACK +SYSVINIT +UTMP +LIBCRYPTSETUP +GCRYPT +GNUTLS +ACL +XZ -LZ4 +SECCOMP +BLKID +ELFUTILS +KMOD -IDN)
[   12.811815] systemd[1]: Detected virtualization oracle.
[   12.832408] systemd[1]: Detected architecture x86-64.

Welcome to [1mUbuntu 16.04.3 LTS[0m!

[   12.905982] systemd[1]: Set hostname to <ubuntu>.
[   13.023993] systemd[1]: Initializing machine ID from random generator.
[   13.256835] systemd[1]: Installed transient /etc/machine-id file.
[   13.523394] random: nonblocking pool is initialized
[   14.534448] systemd[1]: Listening on LVM2 poll daemon socket.
[[0;32m  OK  [0m] Listening on LVM2 poll daemon socket.
[   14.543261] systemd[1]: Created slice User and Session Slice.
[[0;32m  OK  [0m] Created slice User and Session Slice.
[   14.565374] systemd[1]: Listening on Device-mapper event daemon FIFOs.
[[0;32m  OK  [0m] Listening on Device-mapper event daemon FIFOs.
[   14.583836] systemd[1]: Listening on Journal Socket.
[[0;32m  OK  [0m] Listening on Journal Socket.
[   14.601806] systemd[1]: Reached target User and Group Name Lookups.
[[0;32m  OK  [0m] Reached target User and Group Name Lookups.
[   14.625801] systemd[1]: Reached target Swap.
[[0;32m  OK  [0m] Reached target Swap.
[   14.635917] systemd[1]: Listening on Journal Audit Socket.
[[0;32m  OK  [0m] Listening on Journal Audit Socket.
[   14.653171] systemd[1]: Listening on /dev/initctl Compatibility Named Pipe.
[[0;32m  OK  [0m] Listening on /dev/initctl Compatibility Named Pipe.
[   14.704796] systemd[1]: Listening on LVM2 metadata daemon socket.
[[0;32m  OK  [0m] Listening on LVM2 metadata daemon socket.
[   14.758933] systemd[1]: Listening on udev Kernel Socket.
[[0;32m  OK  [0m] Listening on udev Kernel Socket.
[   14.761523] systemd[1]: Started Forward Password Requests to Wall Directory Watch.
[[0;32m  OK  [0m] Started Forward Password Requests to Wall Directory Watch.
[   14.794499] systemd[1]: Started Trigger resolvconf update for networkd DNS.
[[0;32m  OK  [0m] Started Trigger resolvconf update for networkd DNS.
[   14.799291] systemd[1]: Listening on udev Control Socket.
[[0;32m  OK  [0m] Listening on udev Control Socket.
[   14.811184] systemd[1]: Set up automount Arbitrary Executable File Formats File System Automount Point.
[[0;32m  OK  [0m] Set up automount Arbitrary Executab...ats File System Automount Point.
[   14.818704] systemd[1]: Listening on Syslog Socket.
[[0;32m  OK  [0m] Listening on Syslog Socket.
[   14.823481] systemd[1]: Created slice System Slice.
[[0;32m  OK  [0m] Created slice System Slice.
[   14.844751] systemd[1]: Starting Uncomplicated firewall...
         Starting Uncomplicated firewall...
[   14.877039] systemd[1]: Starting Nameserver information manager...
         Starting Nameserver information manager...
[   14.984795] systemd[1]: Starting Load Kernel Modules...
         Starting Load Kernel Modules...
[   15.003931] systemd[1]: Mounting Debug File System...
         Mounting Debug File System...
[   15.010061] systemd[1]: Starting Remount Root and Kernel File Systems...
         [   15.043916] EXT4-fs (sda1): re-mounted. Opts: (null)
Starting Remount Root and Kernel File Systems...
[   15.073417] systemd[1]: Starting Set console keymap...
         Startin[   15.111105] Loading iSCSI transport class v2.0-870.
g Set console keymap...
[   15.137165] systemd[1]: Mounting POSIX Message Queue File System...
         Mounting POSIX Message Queue File System...
[   15.184803] systemd[1]: Reached target Slices.
[   15.207063] iscsi: registered transport (tcp)
[[0;32m  OK  [0m] Reached target Slices.
[   15.240756] systemd[1]: Starting Create list of required static device nodes for the current kernel...
         Starting Create list of required st... nodes for the current kernel...
[   15.296693] systemd[1]: Starting Monitoring of LVM2 mirrors, snapshots etc. using dmeventd or progress polling...
         Starting Monitoring of LVM2 mirrors... dmeventd or progress polling...
[   15.381066] systemd[1]: Reached target Encrypted Volumes.
[[0;32m  OK  [0m] Reached target Encrypted Volumes.
[   15.457283] systemd[1]: Listening on Journal Socket (/dev/log).
[   15.523512] iscsi: registered transport (iser)
[[0;32m  OK  [0m] Listening on Journal Socket (/dev/log).
[   15.560997] systemd[1]: Starting Journal Service...
         Starting Journal Service...
[   15.609210] systemd[1]: Created slice system-serial\x2dgetty.slice.
[[0;32m  OK  [0m] Created slice system-serial\x2dgetty.slice.
[   15.732708] systemd[1]: Mounting Huge Pages File System...
         Mounting Huge Pages File System...
[   15.803501] systemd[1]: Mounted Debug File System.
[[0;32m  OK  [0m] Mounted Debug File System.
[   15.844905] systemd[1]: Mounted Huge Pages File System.
[[0;32m  OK  [0m] Mounted Huge Pages File System.
[   15.996963] systemd[1]: Mounted POSIX Message Queue File System.
[[0;32m  OK  [0m] Mounted POSIX Message Queue File System.
[   16.017450] systemd[1]: Started Journal Service.
[[0;32m  OK  [0m] Started Journal Service.
[[0;32m  OK  [0m] Started Uncomplicated firewall.
[[0;32m  OK  [0m] Started Load Kernel Modules.
[[0;32m  OK  [0m] Started Remount Root and Kernel File Systems.
[[0;32m  OK  [0m] Started Set console keymap.
[[0;32m  OK  [0m] Started Create list of required sta...ce nodes for the current kernel.
[[0;32m  OK  [0m] Started Nameserver information manager.
[[0;32m  OK  [0m] Started LVM2 metadata daemon.
         Starting Create Static Device Nodes in /dev...
         Starting Initial cloud-init job (pre-networking)...
         Starting Load/Save Random Seed...
         Starting udev Coldplug all Devices...
         Mounting FUSE Control File System...
         Starting Apply Kernel Variables...
         Starting Flush Journal to Persistent Storage...
[[0;32m  OK  [0m] Mounted FUSE Control File System.
[[0;32m  OK  [0m] Started Load/Save Random Seed.
[[0;32m  OK  [0m] Started udev Coldplug all Devices.
[[0;32m  OK  [0m] Started Monitoring of LVM2 mirrors,...ng dmeventd or progress polling.
[   16.775163] systemd-journald[391]: Received request to flush runtime journal from PID 1
[[0;32m  OK  [0m] Started Apply Kernel Variables.
[[0;32m  OK  [0m] Started Create Static Device Nodes in /dev.
[[0;32m  OK  [0m] Started Flush Journal to Persistent Storage.
         Starting udev Kernel Device Manager...
[[0;32m  OK  [0m] Started udev Kernel Device Manager.
[[0;32m  OK  [0m] Started Dispatch Password Requests to Console Directory Watch.
[[0;32m  OK  [0m] Reached target Local File Systems (Pre).
[[0;32m  OK  [0m] Reached target Local File Systems.
         Starting Tell Plymouth To Write Out Runtime Data...
         Starting Create Volatile Files and Directories...
         Starting LSB: AppArmor initialization...
         Starting Commit a transient machine-id on disk...
         Starting Set console font and keymap...
[[0;32m  OK  [0m] Started Tell Plymouth To Write Out Runtime Data.
[[0;32m  OK  [0m] Started Create Volatile Files and Directories.
[[0;32m  OK  [0m] Reached target System Time Synchronized.
         Starting Update UTMP about System Boot/Shutdown...
[[0;32m  OK  [0m] Started Commit a transient machine-id on disk.
[[0;32m  OK  [0m] Started Update UTMP about System Boot/Shutdown.
[[0;32m  OK  [0m] Found device /dev/ttyS0.
[[0;32m  OK  [0m] Started Set console font and keymap.
[[0;32m  OK  [0m] Created slice system-getty.slice.
[[0;32m  OK  [0m] Listening on Load/Save RF Kill Switch Status /dev/rfkill Watch.
[[0;32m  OK  [0m] Started LSB: AppArmor initialization.
[   20.822738] cloud-init[417]: Cloud-init v. 0.7.9 running 'init-local' at Sun, 15 Oct 2017 22:12:09 +0000. Up 20.25 seconds.
[[0;32m  OK  [0m] Started Initial cloud-init job (pre-networking).
[[0;32m  OK  [0m] Reached target Network (Pre).
         Starting Raise network interfaces...
[[0;32m  OK  [0m] Started Raise network interfaces.
[[0;32m  OK  [0m] Reached target Network.
         Starting Initial cloud-init job (metadata service crawler)...
[   23.486196] cloud-init[930]: Cloud-init v. 0.7.9 running 'init' at Sun, 15 Oct 2017 22:12:11 +0000. Up 21.73 seconds.
[   23.492798] cloud-init[930]: ci-info: ++++++++++++++++++++++++++++++++++++++Net device info++++++++++++++++++++++++++++++++++++++
[   23.521027] cloud-init[930]: ci-info: +--------+-------+----------------------------+---------------+-------+-------------------+
[   23.558955] cloud-init[930]: ci-info: | Device |   Up  |          Address           |      Mask     | Scope |     Hw-Address    |
[   23.559292] cloud-init[930]: ci-info: +--------+-------+----------------------------+---------------+-------+-------------------+
[[0;32m  OK  [0m] Started Initial cloud-init job (metadata service crawler).
[   23.559440] cloud-init[930]: ci-info: |   lo   |  True |         127.0.0.1          |   255.0.0.0   |   .   |         .         |
[   23.666603] cloud-init[930]: ci-info: |   lo   |  True |          ::1/128           |       .       |  host |         .         |
[   23.666859] cloud-init[930]: ci-info: | enp0s8 | False |             .              |       .       |   .   | 08:00:27:4a:a8:7a |
[[0;32m  OK  [0m] Reached target System Initialization.
[[   23.667007] cloud-init[930]: ci-info: | enp0s3 |  True |         10.0.2.15          | 255.255.255.0 |   .   | 02:14:68:3e:84:47 |
[0;32m  OK  [0m] Started Timer to automatically fetch and run repair assertions.
[   23.689035] cloud-init[930]: ci-info: | enp0s3 |  True | fe80::14:68ff:fe3e:8447/64 |       .       |  link | 02:14:68:3e:84:47 |
[   23.749442] cloud-init[930]: ci-info: +--------+-------+----------------------------+---------------+-------+-------------------+
[[0;32m  OK  [0m] Listening on D-Bus System Message Bus Socket.
[   23.749726] cloud-init[930]: ci-info: +++++++++++++++++++++++++++Route IPv4 info++++++++++++++++++++++++++++
[   23.945418] cloud-init[930]: ci-info: +-------+-------------+----------+---------------+-----------+-------+
[[0;32m  OK  [0m] Listening on UUID daemon activation socket.
[   23.945842] cloud-init[930]: ci-info: | Route | Destination | Gateway  |    Genmask    | Interface | Flags |
         Starting LXD - unix socket.
[   24.107933] cloud-init[930]: ci-info: +-------+-------------+----------+---------------+-----------+-------+
[   24.192632] cloud-init[930]: ci-info: |   0   |   0.0.0.0   | 10.0.2.2 |    0.0.0.0    |   enp0s3  |   UG  |
[   24.192987] cloud-init[930]: ci-info: |   1   |   10.0.2.0  | 0.0.0.0  | 255.255.255.0 |   enp0s3  |   U   |
[[0;32m  OK  [0m] Started Daily Cleanup of Temporary Directories.
[[   24.193150] cloud-init[930]: ci-info: +-------+-------------+----------+---------------+-----------+-------+
[0;32m  OK  [0m] Started Timer to automatically refresh installed snaps.
[[   24.350144] cloud-init[930]: Generating public/private rsa key pair.
[   24.421301] cloud-init[930]: Your identification has been saved in /etc/ssh/ssh_host_rsa_key.
[   24.421627] cloud-init[930]: Your public key has been saved in /etc/ssh/ssh_host_rsa_key.pub.
[   24.422038] cloud-init[930]: The key fingerprint is:
[   24.422448] cloud-init[930]: SHA256:L/zI1GGelDC11wGGPkXxEF7N+eH/1pf6R5xEEH/y0AA root@ubuntu-xenial
[   24.423063] cloud-init[930]: The key's randomart image is:
[   24.423468] cloud-init[930]: +---[RSA 2048]----+
[   24.424120] cloud-init[930]: |          .oEB*o.|
[   24.424467] cloud-init[930]: |         ..+.=.Bo|
[   24.424879] cloud-init[930]: |        o...o B.=|
[   24.425267] cloud-init[930]: |         ooo   *o|
[   24.425473] cloud-init[930]: |        S =.  ..+|
[   24.425914] cloud-init[930]: |       . * o   .+|
[   24.426120] cloud-init[930]: |        + =    .+|
[   24.426520] cloud-init[930]: |       o +     .*|
[   24.426716] cloud-init[930]: |        o .  .ooo|
[0;32m  OK  [0m] Listening on ACPID Listen Socket.
[   24.426931] cloud-init[930]: +----[SHA256]-----+
[   24.501689] cloud-init[930]: Generating public/private dsa key pair.
[   24.501955] cloud-init[930]: Your identification has been saved in /etc/ssh/ssh_host_dsa_key.
         Starting Socket activation for snappy daemon.
[   24.502147] cloud-init[930]: Your public key has been saved in /etc/ssh/ssh_host_dsa_key.pub.
[   24.532551] cloud-init[930]: The key fingerprint is:
[   24.533307] cloud-init[930]: SHA256:78i2hnLJl+lsLyCpTCJV2AMVcIXgIArJnojlToVswck root@ubuntu-xenial
[[0;32m  OK  [0m] Started ACPI Events Check.
[[   24.533553] cloud-init[930]: The key's randomart image is:
[   24.548970] cloud-init[930]: +---[DSA 1024]----+
[0;32m  OK  [0m] Reached target Paths.
[   24.549069] cloud-init[930]: |===@++.          |
[   24.608889] cloud-init[930]: |=+E.*            |
[[0;32m  OK  [0m] Reached target Network is Online.
[   24.608967] cloud-init[930]: |=+oo .           |
[   24.672503] cloud-init[930]: |oo+              |
[   24.673025] cloud-init[930]: | +   .  S        |
[[0;32m  OK  [0m] Started Daily apt download activities.
[[   24.673168] cloud-init[930]: |o o o .  .       |
[0;32m  OK  [0m] Started Daily apt upgrade and clean activities.
[[   24.733998] cloud-init[930]: |.+ . o + o.      |
[0;32m  OK  [0m] Reached target Timers.
[   24.770303] cloud-init[930]: |  o . =oOo       |
[   24.794950] cloud-init[930]: |     o **+o      |
[   24.797360] cloud-init[930]: +----[SHA256]-----+
[   24.799622] cloud-init[930]: Generating public/private ecdsa key pair.
[   24.812488] cloud-init[930]: Your identification has been saved in /etc/ssh/ssh_host_ecdsa_key.
[   24.812913] cloud-init[930]: Your public key has been saved in /etc/ssh/ssh_host_ecdsa_key.pub.
         Starting iSCSI initiator daemon (iscsid)...
[   24.813128] cloud-init[930]: The key fingerprint is:
[   24.861303] cloud-init[930]: SHA256:s4kKvs0B6NoPFJMbNbUNwyY39+O8UdAlxSvikuptkyc root@ubuntu-xenial
[[0;32m  OK  [0m] Reached target Cloud-config availability.
[   24.861452] cloud-init[930]: The key's randomart image is:
[   24.911173] cloud-init[930]: +---[ECDSA 256]---+
[   24.911646] cloud-init[930]: |    oo+    ..+o  |
[[0;32m  OK  [0m] Listening on LXD - unix socket.
[[0;32m  OK  [0m[   24.912201] ] cloud-initListening on Socket activation for snappy daemon.[930]: 
|   o..==. . ...  |
[   25.011671] cloud-init[930]: |  =  +.o.. .   . |
[   25.014285] cloud-init[930]: | . =      + o .  |
[   25.016846] cloud-init[930]: |. +     S= + .   |
[   25.019303] cloud-init[930]: |.. .   .o+=      |
[   25.032297] cloud-init[930]: | .o . ..oo o     |
[   25.032610] cloud-init[930]: |.o = o..E o      |
[[0;32m  OK  [0m] Reached target Sockets.
[   25.032851] cloud-init[930]: |. +o=....+       |
[   25.064986] cloud-init[930]: +----[SHA256]-----+
[[0;32m  OK  [0m] Reached target Basic System.
[   25.065308] cloud-init[930]: Generating public/private ed25519 key pair.
[   25.084721] cloud-init[930]: Your identification has been saved in /etc/ssh/ssh_host_ed25519_key.
[[0;32m  OK  [0m] Started Unattended Upgrades Shutdown.
[   25.084928] cloud-init[930]: Your public key has been saved in /etc/ssh/ssh_host_ed25519_key.pub.
[   25.106957] cloud-init[930]: The key fingerprint is:
[   25.110203] cloud-init[930]: SHA256:3PxObliqBxX588IuKI0AhHKkSPXgAcgJqu97anvHW9c root@ubuntu-xenial
[   25.114298] cloud-init[930]: The key's randomart image is:
[   25.114719] cloud-init[930]: +--[ED25519 256]--+
         Starting /etc/rc.local Compatibility...
[   25.114987] cloud-init[930]: |===+       .     |
[   25.132840] cloud-init[930]: |B++ +     o      |
[   25.133178] cloud-init[930]: |=o . .     o     |
         Starting LXD - container startup/shutdown...
[   25.133474] cloud-init[930]: |. .    . o. o    |
[   25.140556] cloud-init[930]: |.  .    S.o. o   |
[   25.142416] cloud-init[930]: | .  .   .  o+ .  |
[   25.145279] cloud-init[930]: |  .  o o.o.=E.   |
[   25.160512] cloud-init[930]: | .. o =.o.=+o    |
         [   25.200773] Starting Snappy daemon...cloud-init
[930]: | .=* ..o.o oo    |
[   25.200935] cloud-init[930]: +----[SHA256]-----+
         Starting LSB: Record successful boot for GRUB...
         Starting Apply the settings specified in cloud-config...
[[0;32m  OK  [0m] Started ACPI event daemon.
         Starting Accounts Service...
         Starting LSB: MD monitoring daemon...
[[0;32m  OK  [0m] Started FUSE filesystem for LXC.
[[0;32m  OK  [0m] Started Deferred execution scheduler.
         Starting Pollinate to seed the pseudo random number generator...
[[0;32m  OK  [0m] Started Regular background program processing daemon.
         Starting System Logging Service...
[[0;32m  OK  [0m] Started D-Bus System Message Bus.
[   27.068563] cloud-init[1038]: Generating locales (this might take a while)...
         Starting Login Service...
[[0;32m  OK  [0m] Started System Logging Service.
[[0;32m  OK  [0m] Started iSCSI initiator daemon (iscsid).
[[0;32m  OK  [0m] Started /etc/rc.local Compatibility.
         Starting Login to default iSCSI targets...
[[0;32m  OK  [0m] Started Login Service.
         Starting Authenticate and Authorize Users to Run Privileged Tasks...
[[0;32m  OK  [0m] Started LSB: Record successful boot for GRUB.
[[0;32m  OK  [0m] Started LSB: MD monitoring daemon.
[[0;32m  OK  [0m] Started Login to default iSCSI targets.
[[0;32m  OK  [0m] Reached target Remote File Systems (Pre).
[[0;32m  OK  [0m] Reached target Remote File Systems.
         Starting LSB: VirtualBox Linux Additions...
         Starting Permit User Sessions...
         Starting LSB: Set the CPU Frequency Scaling governor to "ondemand"...
         Starting LSB: daemon to balance interrupts for SMP systems...
         Starting LSB: automatic crash report generation...
[[0;32m  OK  [0m] Started Permit User Sessions.
[[0;32m  OK  [0m] Started LSB: Set the CPU Frequency Scaling governor to "ondemand".
         Starting Hold until boot process finishes up...
         Starting Terminate Plymouth Boot Screen...
[[0;32m  OK  [0m] Started Hold until boot process finishes up.
[[0;32m  OK  [0m] Started Terminate Plymouth Boot Screen.
[[0;32m  OK  [0m] Started Serial Getty on ttyS0.
[[0;32m  OK  [0m] Started Getty on tty1.
[[0;32m  OK  [0m] Reached target Login Prompts.
         Starting Set console scheme...
[[0;32m  OK  [0m] Started LSB: automatic crash report generation.
[[0;32m  OK  [0m] Started Authenticate and Authorize Users to Run Privileged Tasks.
[[0;32m  OK  [0m] Started Accounts Service.
[[0;32m  OK  [0m] Started Set console scheme.
[[0;32m  OK  [0m] Started LSB: daemon to balance interrupts for SMP systems.
[[0;32m  OK  [0m] Started Snappy daemon.
         Starting Auto import assertions from block devices...
[[0;32m  OK  [0m] Started Auto import assertions from block devices.
[[0;32m  OK  [0m] Started LSB: VirtualBox Linux Additions.
[[0;32m  OK  [0m] Started LXD - container startup/shutdown.
[   30.552753] cloud-init[1038]:   en_US.UTF-8... done
[   30.572669] cloud-init[1038]: Generation complete.
[[0;32m  OK  [0m] Stopped OpenBSD Secure Shell server.
         Starting OpenBSD Secure Shell server...
[[0;32m  OK  [0m] Started OpenBSD Secure Shell server.
[[0;32m  OK  [0m] Created slice User Slice of ubuntu.
         Starting User Manager for UID 1000...
[[0;32m  OK  [0m] Started Session 1 of user ubuntu.
[[0;32m  OK  [0m] Started User Manager for UID 1000.
[[0;32m  OK  [0m] Started Pollinate to seed the pseudo random number generator.
[[0;32m  OK  [0m] Reached target Multi-User System.
[[0;32m  OK  [0m] Reached target Graphical Interface.
         Starting Update UTMP about System Runlevel Changes...
[[0;32m  OK  [0m] Started Update UTMP about System Runlevel Changes.
[   32.947639] cloud-init[1038]: Cloud-init v. 0.7.9 running 'modules:config' at Sun, 15 Oct 2017 22:12:15 +0000. Up 25.84 seconds.
[[0;32m  OK  [0m] Started Apply the settings specified in cloud-config.
         Starting Execute cloud user/final scripts...
ci-info: no authorized ssh keys fingerprints found for user ubuntu.
<14>Oct 15 22:12:23 ec2: 
<14>Oct 15 22:12:23 ec2: #############################################################
<14>Oct 15 22:12:23 ec2: -----BEGIN SSH HOST KEY FINGERPRINTS-----
<14>Oct 15 22:12:23 ec2: 1024 SHA256:78i2hnLJl+lsLyCpTCJV2AMVcIXgIArJnojlToVswck root@ubuntu-xenial (DSA)
<14>Oct 15 22:12:23 ec2: 256 SHA256:s4kKvs0B6NoPFJMbNbUNwyY39+O8UdAlxSvikuptkyc root@ubuntu-xenial (ECDSA)
<14>Oct 15 22:12:23 ec2: 256 SHA256:3PxObliqBxX588IuKI0AhHKkSPXgAcgJqu97anvHW9c root@ubuntu-xenial (ED25519)
<14>Oct 15 22:12:23 ec2: 2048 SHA256:L/zI1GGelDC11wGGPkXxEF7N+eH/1pf6R5xEEH/y0AA root@ubuntu-xenial (RSA)
<14>Oct 15 22:12:23 ec2: -----END SSH HOST KEY FINGERPRINTS-----
<14>Oct 15 22:12:23 ec2: #############################################################
-----BEGIN SSH HOST KEY KEYS-----
ecdsa-sha2-nistp256 AAAAE2VjZHNhLXNoYTItbmlzdHAyNTYAAAAIbmlzdHAyNTYAAABBBKn5Fp/KnRn82K3D7Bq7Nd/2DY2qLVE7gHjmuTVN/WfVuxF4V+G9SvZhiiKnXOULV2HvN7PVTsfZukk0NZs7UYM= root@ubuntu-xenial
ssh-ed25519 AAAAC3NzaC1lZDI1NTE5AAAAINjprmsWZHpwFMK095lZYSYCfyGso7Pj+y2Gx54A8gO4 root@ubuntu-xenial
ssh-rsa AAAAB3NzaC1yc2EAAAADAQABAAABAQDRfAARFtgu9cUf1TfuMdmQY+ir0Is3MgxZXpRX/g9kHqkrDdkYBiN1kkk8xhMEEtcRtqfQptDgAKl5eTaprK2OBirSiH1/wZpph/7Z0HA/9IN5uxQYU4f8jnRmSOX3CgdOvjoiIQkGlJ2QJSEeKFTkTkBqQhPwCQ2ANxAguKxC+CEjzN0LwObQ/q3KJajkjdmxDQMWHzIDwD/pLWtKiz42lVJ01vxdiWLNmH5m65kv5I4CccY/S1gNBcB7vYGa44uQRY9tPRCl0HL//0Ui3N0oEvEx/F4cHwqkoBIar+25NGrcwKj3fxuVbCc3NlzyuV+WXfgafdkm3QsNUpHo8hgN root@ubuntu-xenial
-----END SSH HOST KEY KEYS-----
[   34.255999] cloud-init[1350]: Cloud-init v. 0.7.9 running 'modules:final' at Sun, 15 Oct 2017 22:12:22 +0000. Up 33.63 seconds.
[   34.256231] cloud-init[1350]: ci-info: no authorized ssh keys fingerprints found for user ubuntu.
[   34.256352] cloud-init[1350]: Cloud-init v. 0.7.9 finished at Sun, 15 Oct 2017 22:12:23 +0000. Datasource DataSourceNoCloud [seed=/dev/sdb][dsmode=net].  Up 34.24 seconds

Ubuntu 16.04.3 LTS ubuntu-xenial ttyS0

ubuntu-xenial login: 